Arguments: 
  /usr/local/Cellar/node/12.9.0/bin/node /Users/etopin/.yarn/bin/yarn.js install

PATH: 
  /Users/etopin/.yarn/bin:/Users/etopin/.config/yarn/global/node_modules/.bin:/usr/local/opt/sphinx-doc/bin:/usr/local/opt/icu4c/sbin:/Users/etopin/bin:/usr/local/bin:.:/Library/Frameworks/Python.framework/Versions/3.6/bin:/usr/local/bin:/usr/bin:/bin:/usr/sbin:/sbin:/Applications/VMware Fusion.app/Contents/Public:/opt/X11/bin:/usr/local/kubebuilder/bin:/Users/etopin/go/bin:/Users/etopin/Library/Python/3.6/bin:/Users/etopin/Library/Python/2.7/bin

Yarn version: 
  1.12.3

Node version: 
  12.9.0

Platform: 
  darwin x64

Trace: 
  Invariant Violation: could not find a copy of typescript to link in /Users/etopin/Documents/github/smartSearchWeb/node_modules/rxjs-tslint/node_modules
      at invariant (/Users/etopin/.yarn/lib/cli.js:2308:15)
      at PackageLinker.<anonymous> (/Users/etopin/.yarn/lib/cli.js:47870:7)
      at Generator.next (<anonymous>)
      at step (/Users/etopin/.yarn/lib/cli.js:304:30)
      at /Users/etopin/.yarn/lib/cli.js:315:13
      at runMicrotasks (<anonymous>)
      at processTicksAndRejections (internal/process/task_queues.js:85:5)

npm manifest: 
  {
      "name": "clarity-seed",
      "version": "1.10.1",
      "description": "Angular-CLI starter for a Clarity project",
      "angular-cli": {},
      "scripts": {
          "start": "ng serve --host 0.0.0.0 --proxy-config local.proxy.conf.json",
          "start_prod": "ng serve --prod --host 0.0.0.0 --proxy-config local.proxy.conf.json",
          "start_container": "ng serve --prod --host 0.0.0.0 --proxy-config container.proxy.conf.json",
          "start_ssl": "ng serve --prod --host 0.0.0.0 --proxy-config local.proxy.conf.json --ssl true --ssl-cert ssl/service.crt --ssl-key ssl/server.key",
          "start_alt_ssl": "ng serve --prod --host 0.0.0.0 --port 8080 --proxy-config local.proxy.conf.json --ssl true --ssl-cert ./ssl/service.crt --ssl-key ./ssl/server.key",
          "start_ssl_container": "ng serve --prod --host 0.0.0.0 --proxy-config container.proxy.conf.json --ssl true --ssl-cert ssl/service.crt --ssl-key ssl/server.key",
          "deploy": "./deploy.sh",
          "lint": "tslint \"src/**/*.ts\"",
          "test": "ng test --single-run",
          "pree2e": "webdriver-manager update",
          "e2e": "protractor protractor.config.js"
      },
      "private": true,
      "dependencies": {
          "@angular/animations": "^7.0.3",
          "@angular/cli": "^7.0.5",
          "@angular/common": "7.0.3",
          "@angular/compiler": "7.0.3",
          "@angular/compiler-cli": "7.0.3",
          "@angular/core": "^7.0.3",
          "@angular/forms": "^7.0.3",
          "@angular/platform-browser": "7.0.3",
          "@angular/platform-browser-dynamic": "7.0.3",
          "@angular/router": "7.0.3",
          "@clr/angular": "^2.1.2",
          "@clr/icons": "^2.1.2",
          "@clr/ui": "2.1.2",
          "@types/core-js": "2.5.0",
          "@types/node": "^11.12.2",
          "@webcomponents/custom-elements": "1.2.1",
          "angular2-uuid": "^1.1.1",
          "bootstrap": "^4.3.1",
          "codelyzer": "^5.0.0",
          "enhanced-resolve": "4.1.0",
          "jquery": "3.4.0",
          "mutationobserver-shim": "~0.3.3",
          "ngx-cookie-service": "^2.1.0",
          "node-sass": "^4.11.0",
          "popper.js": "^1.14.7",
          "protractor": "^5.4.2",
          "rxjs": "^6.5.2",
          "rxjs-tslint": "^0.1.7",
          "typescript": ">=3.1.1 <3.3",
          "web-animations-js": "~2.3.1",
          "webdriver-manager": "13.0.0",
          "zone.js": "~0.8.26",
          "yarn": "1.17.3"
      },
      "devDependencies": {
          "@angular-devkit/build-angular": "^0.13.7",
          "@types/jasmine": "^3.3.12",
          "@types/jasminewd2": "~2.0.6",
          "jasmine-core": "^3.3.0",
          "jasmine-spec-reporter": "~4.2.1",
          "karma": "^4.0.1",
          "karma-chrome-launcher": "~2.2.0",
          "karma-cli": "~2.0.0",
          "karma-jasmine": "~2.0.1",
          "karma-mocha-reporter": "~2.2.5",
          "istanbul": "0.4.5",
          "npm-check": "^5.9.0",
          "ts-node": "8.3.0",
          "tslint": "^5.14.0"
      }
  }

yarn manifest: 
  No manifest

Lockfile: 
  No lockfile
